<?xml version="1.0" encoding="UTF-8"?>
<!-- Generated by org.testng.reporters.JUnitReportReporter -->
<testsuite hostname="Bloomlync-Qa" failures="0" tests="1" name="rahulshettyacademy.ExtendReports.ExtendReports" time="3.347" errors="0" timestamp="2024-05-04T16:11:37 IST" skipped="0">
  <testcase classname="rahulshettyacademy.ExtendReports.ExtendReports" name="initialDemo" time="3.347"/>
  <system-out/>
</testsuite> <!-- rahulshettyacademy.ExtendReports.ExtendReports -->
