<?xml version="1.0" encoding="UTF-8"?>
<!-- Generated by org.testng.reporters.JUnitReportReporter -->
<testsuite hostname="Bloomlync-Qa" failures="0" tests="1" name="reports.extendReports.ExtendReportDemo" time="5.582" errors="0" timestamp="2024-05-04T16:06:37 IST" skipped="0">
  <testcase classname="reports.extendReports.ExtendReportDemo" name="initialDemo" time="5.582"/>
  <system-out/>
</testsuite> <!-- reports.extendReports.ExtendReportDemo -->
